[debug] [2022-05-30T14:24:21.267Z] ----------------------------------------------------------------------
[debug] [2022-05-30T14:24:21.269Z] Command:       /usr/local/bin/firebase /Users/uhantmac/.cache/firebase/tools/lib/node_modules/firebase-tools/lib/bin/firebase init
[debug] [2022-05-30T14:24:21.270Z] CLI Version:   11.0.1
[debug] [2022-05-30T14:24:21.270Z] Platform:      darwin
[debug] [2022-05-30T14:24:21.270Z] Node Version:  v16.15.0
[debug] [2022-05-30T14:24:21.272Z] Time:          Mon May 30 2022 19:54:21 GMT+0530 (India Standard Time)
[debug] [2022-05-30T14:24:21.272Z] ----------------------------------------------------------------------
[debug] 
[debug] [2022-05-30T14:24:21.358Z] > command requires scopes: ["email","openid","https://www.googleapis.com/auth/cloudplatformprojects.readonly","https://www.googleapis.com/auth/firebase","https://www.googleapis.com/auth/cloud-platform"]
[debug] [2022-05-30T14:24:21.358Z] > authorizing via signed-in user (sushantkumar19990819@gmail.com)
[info] 
     ######## #### ########  ######## ########     ###     ######  ########
     ##        ##  ##     ## ##       ##     ##  ##   ##  ##       ##
     ######    ##  ########  ######   ########  #########  ######  ######
     ##        ##  ##    ##  ##       ##     ## ##     ##       ## ##
     ##       #### ##     ## ######## ########  ##     ##  ######  ########

You're about to initialize a Firebase project in this directory:

  /Users/uhantmac/Desktop/ALL file/untitled folder/online resume builder/resume-builder

Before we get started, keep in mind:

  * You are initializing within an existing Firebase project directory

[info] 
=== Project Setup
[info] 
[info] First, let's associate this project directory with a Firebase project.
[info] You can create multiple project aliases by running firebase use --add, 
[info] but for now we'll just set up a default project.
[info] 
[debug] [2022-05-30T14:24:29.587Z] Using project from CLI flag: online-resume-builder-6eb02
[debug] [2022-05-30T14:24:29.590Z] >>> [apiv2][query] GET https://firebase.googleapis.com/v1beta1/projects/online-resume-builder-6eb02 [none]
[debug] [2022-05-30T14:24:30.989Z] <<< [apiv2][status] GET https://firebase.googleapis.com/v1beta1/projects/online-resume-builder-6eb02 200
[debug] [2022-05-30T14:24:30.990Z] <<< [apiv2][body] GET https://firebase.googleapis.com/v1beta1/projects/online-resume-builder-6eb02 {"projectId":"online-resume-builder-6eb02","projectNumber":"494033539437","displayName":"online resume builder","name":"projects/online-resume-builder-6eb02","resources":{"hostingSite":"online-resume-builder-6eb02","storageBucket":"online-resume-builder-6eb02.appspot.com","locationId":"us-central"},"state":"ACTIVE"}
[info] i  Using project online-resume-builder-6eb02 (online resume builder) 
[info] 
=== Hosting Setup
[info] 
[info] Your public directory is the folder (relative to your project directory) that
[info] will contain Hosting assets to be uploaded with firebase deploy. If you
[info] have a build process for your assets, use your build's output directory.
[info] 
